{"/Users/jakob/Documents/GitHub/supply-manager-backend/src/database/database.ts": {"path":"/Users/jakob/Documents/GitHub/supply-manager-backend/src/database/database.ts","statementMap":{"0":{"start":{"line":6,"column":34},"end":{"line":20,"column":null}},"1":{"start":{"line":7,"column":4},"end":{"line":17,"column":5}},"2":{"start":{"line":8,"column":6},"end":{"line":16,"column":7}},"3":{"start":{"line":10,"column":45},"end":{"line":10,"column":76}},"4":{"start":{"line":11,"column":10},"end":{"line":11,"column":46}},"5":{"start":{"line":12,"column":10},"end":{"line":12,"column":16}},"6":{"start":{"line":15,"column":10},"end":{"line":15,"column":52}},"7":{"start":{"line":19,"column":4},"end":{"line":19,"column":25}},"8":{"start":{"line":4,"column":17},"end":{"line":4,"column":60}},"9":{"start":{"line":3,"column":30},"end":{"line":3,"column":null}}},"fnMap":{"0":{"name":"(anonymous_13)","decl":{"start":{"line":6,"column":9},"end":{"line":6,"column":15}},"loc":{"start":{"line":6,"column":33},"end":{"line":20,"column":null}}},"1":{"name":"(anonymous_14)","decl":{"start":{"line":6,"column":34},"end":{"line":6,"column":50}},"loc":{"start":{"line":6,"column":59},"end":{"line":20,"column":3}}},"2":{"name":"(anonymous_15)","decl":{"start":{"line":10,"column":45},"end":{"line":10,"column":58}},"loc":{"start":{"line":10,"column":45},"end":{"line":10,"column":76}}}},"branchMap":{"0":{"loc":{"start":{"line":6,"column":34},"end":{"line":6,"column":59}},"type":"default-arg","locations":[{"start":{"line":6,"column":50},"end":{"line":6,"column":59}}]},"1":{"loc":{"start":{"line":7,"column":4},"end":{"line":17,"column":5}},"type":"if","locations":[{"start":{"line":7,"column":4},"end":{"line":17,"column":5}}]},"2":{"loc":{"start":{"line":8,"column":6},"end":{"line":16,"column":7}},"type":"switch","locations":[{"start":{"line":9,"column":8},"end":{"line":13,"column":9}},{"start":{"line":14,"column":8},"end":{"line":15,"column":52}}]}},"s":{"0":0,"1":0,"2":0,"3":0,"4":0,"5":0,"6":0,"7":0,"8":1,"9":1},"f":{"0":0,"1":0,"2":0},"b":{"0":[0],"1":[0],"2":[0,0]}}
,"/Users/jakob/Documents/GitHub/supply-manager-backend/src/database/mongoDatabase.models.ts": {"path":"/Users/jakob/Documents/GitHub/supply-manager-backend/src/database/mongoDatabase.models.ts","statementMap":{"0":{"start":{"line":1,"column":0},"end":{"line":1,"column":32}},"1":{"start":{"line":4,"column":19},"end":{"line":6,"column":2}},"2":{"start":{"line":8,"column":22},"end":{"line":16,"column":2}},"3":{"start":{"line":18,"column":13},"end":{"line":18,"column":78}},"4":{"start":{"line":20,"column":19},"end":{"line":25,"column":2}},"5":{"start":{"line":27,"column":13},"end":{"line":27,"column":66}}},"fnMap":{},"branchMap":{},"s":{"0":1,"1":1,"2":1,"3":1,"4":1,"5":1},"f":{},"b":{}}
,"/Users/jakob/Documents/GitHub/supply-manager-backend/src/database/mongoDatabase.ts": {"path":"/Users/jakob/Documents/GitHub/supply-manager-backend/src/database/mongoDatabase.ts","statementMap":{"0":{"start":{"line":1,"column":0},"end":{"line":1,"column":34}},"1":{"start":{"line":3,"column":0},"end":{"line":3,"column":32}},"2":{"start":{"line":4,"column":0},"end":{"line":4,"column":55}},"3":{"start":{"line":5,"column":0},"end":{"line":5,"column":65}},"4":{"start":{"line":6,"column":0},"end":{"line":6,"column":81}},"5":{"start":{"line":10,"column":4},"end":{"line":13,"column":5}},"6":{"start":{"line":11,"column":6},"end":{"line":11,"column":71}},"7":{"start":{"line":12,"column":6},"end":{"line":12,"column":13}},"8":{"start":{"line":15,"column":21},"end":{"line":15,"column":42}},"9":{"start":{"line":16,"column":4},"end":{"line":16,"column":65}},"10":{"start":{"line":16,"column":19},"end":{"line":16,"column":65}},"11":{"start":{"line":18,"column":4},"end":{"line":18,"column":37}},"12":{"start":{"line":20,"column":4},"end":{"line":20,"column":40}},"13":{"start":{"line":25,"column":17},"end":{"line":25,"column":45}},"14":{"start":{"line":26,"column":4},"end":{"line":26,"column":57}},"15":{"start":{"line":26,"column":15},"end":{"line":26,"column":57}},"16":{"start":{"line":27,"column":4},"end":{"line":27,"column":16}},"17":{"start":{"line":31,"column":20},"end":{"line":31,"column":39}},"18":{"start":{"line":32,"column":4},"end":{"line":32,"column":32}},"19":{"start":{"line":39,"column":17},"end":{"line":39,"column":45}},"20":{"start":{"line":40,"column":4},"end":{"line":40,"column":57}},"21":{"start":{"line":40,"column":15},"end":{"line":40,"column":57}},"22":{"start":{"line":42,"column":4},"end":{"line":47,"column":7}},"23":{"start":{"line":43,"column":23},"end":{"line":43,"column":59}},"24":{"start":{"line":44,"column":6},"end":{"line":46,"column":7}},"25":{"start":{"line":45,"column":8},"end":{"line":45,"column":52}},"26":{"start":{"line":49,"column":4},"end":{"line":49,"column":29}},"27":{"start":{"line":54,"column":27},"end":{"line":54,"column":65}},"28":{"start":{"line":55,"column":4},"end":{"line":57,"column":5}},"29":{"start":{"line":56,"column":6},"end":{"line":56,"column":48}},"30":{"start":{"line":62,"column":20},"end":{"line":62,"column":72}},"31":{"start":{"line":63,"column":4},"end":{"line":63,"column":29}},"32":{"start":{"line":63,"column":17},"end":{"line":63,"column":29}},"33":{"start":{"line":64,"column":4},"end":{"line":64,"column":17}},"34":{"start":{"line":68,"column":4},"end":{"line":68,"column":56}},"35":{"start":{"line":71,"column":20},"end":{"line":71,"column":51}},"36":{"start":{"line":72,"column":4},"end":{"line":72,"column":63}},"37":{"start":{"line":72,"column":18},"end":{"line":72,"column":63}},"38":{"start":{"line":73,"column":4},"end":{"line":73,"column":19}},"39":{"start":{"line":79,"column":20},"end":{"line":79,"column":72}},"40":{"start":{"line":80,"column":4},"end":{"line":80,"column":63}},"41":{"start":{"line":80,"column":18},"end":{"line":80,"column":63}},"42":{"start":{"line":81,"column":4},"end":{"line":81,"column":19}},"43":{"start":{"line":86,"column":4},"end":{"line":94,"column":8}},"44":{"start":{"line":92,"column":6},"end":{"line":94,"column":8}},"45":{"start":{"line":96,"column":23},"end":{"line":96,"column":48}},"46":{"start":{"line":97,"column":4},"end":{"line":97,"column":35}},"47":{"start":{"line":105,"column":20},"end":{"line":105,"column":51}},"48":{"start":{"line":106,"column":4},"end":{"line":106,"column":63}},"49":{"start":{"line":106,"column":18},"end":{"line":106,"column":63}},"50":{"start":{"line":108,"column":4},"end":{"line":121,"column":5}},"51":{"start":{"line":109,"column":6},"end":{"line":119,"column":10}},"52":{"start":{"line":117,"column":8},"end":{"line":119,"column":10}},"53":{"start":{"line":120,"column":6},"end":{"line":120,"column":44}},"54":{"start":{"line":122,"column":4},"end":{"line":123,"column":46}},"55":{"start":{"line":123,"column":6},"end":{"line":123,"column":46}},"56":{"start":{"line":124,"column":4},"end":{"line":125,"column":60}},"57":{"start":{"line":125,"column":6},"end":{"line":125,"column":60}},"58":{"start":{"line":127,"column":4},"end":{"line":127,"column":32}},"59":{"start":{"line":132,"column":27},"end":{"line":134,"column":6}},"60":{"start":{"line":135,"column":4},"end":{"line":137,"column":5}},"61":{"start":{"line":136,"column":6},"end":{"line":136,"column":51}},"62":{"start":{"line":143,"column":27},"end":{"line":146,"column":6}},"63":{"start":{"line":147,"column":4},"end":{"line":149,"column":5}},"64":{"start":{"line":148,"column":6},"end":{"line":148,"column":51}},"65":{"start":{"line":8,"column":0},"end":{"line":8,"column":21}}},"fnMap":{"0":{"name":"(anonymous_8)","decl":{"start":{"line":9,"column":15},"end":{"line":9,"column":22}},"loc":{"start":{"line":9,"column":22},"end":{"line":21,"column":null}}},"1":{"name":"(anonymous_10)","decl":{"start":{"line":24,"column":15},"end":{"line":24,"column":26}},"loc":{"start":{"line":24,"column":37},"end":{"line":28,"column":null}}},"2":{"name":"(anonymous_12)","decl":{"start":{"line":30,"column":15},"end":{"line":30,"column":25}},"loc":{"start":{"line":30,"column":36},"end":{"line":33,"column":null}}},"3":{"name":"(anonymous_14)","decl":{"start":{"line":35,"column":15},"end":{"line":35,"column":25}},"loc":{"start":{"line":37,"column":48},"end":{"line":50,"column":null}}},"4":{"name":"(anonymous_16)","decl":{"start":{"line":42,"column":42},"end":{"line":42,"column":43}},"loc":{"start":{"line":42,"column":50},"end":{"line":47,"column":5}}},"5":{"name":"(anonymous_17)","decl":{"start":{"line":53,"column":15},"end":{"line":53,"column":25}},"loc":{"start":{"line":53,"column":36},"end":{"line":58,"column":null}}},"6":{"name":"(anonymous_19)","decl":{"start":{"line":61,"column":16},"end":{"line":61,"column":46}},"loc":{"start":{"line":61,"column":74},"end":{"line":65,"column":null}}},"7":{"name":"(anonymous_21)","decl":{"start":{"line":67,"column":15},"end":{"line":67,"column":34}},"loc":{"start":{"line":67,"column":49},"end":{"line":69,"column":null}}},"8":{"name":"(anonymous_23)","decl":{"start":{"line":70,"column":15},"end":{"line":70,"column":29}},"loc":{"start":{"line":70,"column":40},"end":{"line":74,"column":null}}},"9":{"name":"(anonymous_25)","decl":{"start":{"line":75,"column":15},"end":{"line":75,"column":39}},"loc":{"start":{"line":77,"column":18},"end":{"line":82,"column":null}}},"10":{"name":"(anonymous_27)","decl":{"start":{"line":85,"column":15},"end":{"line":85,"column":28}},"loc":{"start":{"line":85,"column":45},"end":{"line":98,"column":null}}},"11":{"name":"(anonymous_29)","decl":{"start":{"line":101,"column":15},"end":{"line":101,"column":28}},"loc":{"start":{"line":103,"column":54},"end":{"line":128,"column":null}}},"12":{"name":"(anonymous_31)","decl":{"start":{"line":131,"column":15},"end":{"line":131,"column":32}},"loc":{"start":{"line":131,"column":43},"end":{"line":138,"column":null}}},"13":{"name":"(anonymous_33)","decl":{"start":{"line":139,"column":15},"end":{"line":139,"column":42}},"loc":{"start":{"line":141,"column":18},"end":{"line":150,"column":null}}}},"branchMap":{"0":{"loc":{"start":{"line":10,"column":4},"end":{"line":13,"column":5}},"type":"if","locations":[{"start":{"line":10,"column":4},"end":{"line":13,"column":5}}]},"1":{"loc":{"start":{"line":16,"column":4},"end":{"line":16,"column":65}},"type":"if","locations":[{"start":{"line":16,"column":4},"end":{"line":16,"column":65}}]},"2":{"loc":{"start":{"line":26,"column":4},"end":{"line":26,"column":57}},"type":"if","locations":[{"start":{"line":26,"column":4},"end":{"line":26,"column":57}}]},"3":{"loc":{"start":{"line":40,"column":4},"end":{"line":40,"column":57}},"type":"if","locations":[{"start":{"line":40,"column":4},"end":{"line":40,"column":57}}]},"4":{"loc":{"start":{"line":44,"column":6},"end":{"line":46,"column":7}},"type":"if","locations":[{"start":{"line":44,"column":6},"end":{"line":46,"column":7}}]},"5":{"loc":{"start":{"line":55,"column":4},"end":{"line":57,"column":5}},"type":"if","locations":[{"start":{"line":55,"column":4},"end":{"line":57,"column":5}}]},"6":{"loc":{"start":{"line":63,"column":4},"end":{"line":63,"column":29}},"type":"if","locations":[{"start":{"line":63,"column":4},"end":{"line":63,"column":29}}]},"7":{"loc":{"start":{"line":72,"column":4},"end":{"line":72,"column":63}},"type":"if","locations":[{"start":{"line":72,"column":4},"end":{"line":72,"column":63}}]},"8":{"loc":{"start":{"line":80,"column":4},"end":{"line":80,"column":63}},"type":"if","locations":[{"start":{"line":80,"column":4},"end":{"line":80,"column":63}}]},"9":{"loc":{"start":{"line":86,"column":4},"end":{"line":94,"column":8}},"type":"if","locations":[{"start":{"line":86,"column":4},"end":{"line":94,"column":8}}]},"10":{"loc":{"start":{"line":106,"column":4},"end":{"line":106,"column":63}},"type":"if","locations":[{"start":{"line":106,"column":4},"end":{"line":106,"column":63}}]},"11":{"loc":{"start":{"line":108,"column":4},"end":{"line":121,"column":5}},"type":"if","locations":[{"start":{"line":108,"column":4},"end":{"line":121,"column":5}}]},"12":{"loc":{"start":{"line":109,"column":6},"end":{"line":119,"column":10}},"type":"if","locations":[{"start":{"line":109,"column":6},"end":{"line":119,"column":10}}]},"13":{"loc":{"start":{"line":111,"column":10},"end":{"line":113,"column":40}},"type":"cond-expr","locations":[{"start":{"line":112,"column":14},"end":{"line":112,"column":52}},{"start":{"line":113,"column":14},"end":{"line":113,"column":40}}]},"14":{"loc":{"start":{"line":122,"column":4},"end":{"line":123,"column":46}},"type":"if","locations":[{"start":{"line":122,"column":4},"end":{"line":123,"column":46}}]},"15":{"loc":{"start":{"line":124,"column":4},"end":{"line":125,"column":60}},"type":"if","locations":[{"start":{"line":124,"column":4},"end":{"line":125,"column":60}}]},"16":{"loc":{"start":{"line":135,"column":4},"end":{"line":137,"column":5}},"type":"if","locations":[{"start":{"line":135,"column":4},"end":{"line":137,"column":5}}]},"17":{"loc":{"start":{"line":147,"column":4},"end":{"line":149,"column":5}},"type":"if","locations":[{"start":{"line":147,"column":4},"end":{"line":149,"column":5}}]}},"s":{"0":1,"1":1,"2":1,"3":1,"4":1,"5":0,"6":0,"7":0,"8":0,"9":0,"10":0,"11":0,"12":0,"13":1,"14":1,"15":0,"16":1,"17":0,"18":0,"19":0,"20":0,"21":0,"22":0,"23":0,"24":0,"25":0,"26":0,"27":0,"28":0,"29":0,"30":0,"31":0,"32":0,"33":0,"34":0,"35":0,"36":0,"37":0,"38":0,"39":0,"40":0,"41":0,"42":0,"43":0,"44":0,"45":0,"46":0,"47":0,"48":0,"49":0,"50":0,"51":0,"52":0,"53":0,"54":0,"55":0,"56":0,"57":0,"58":0,"59":0,"60":0,"61":0,"62":0,"63":0,"64":0,"65":1},"f":{"0":0,"1":1,"2":0,"3":0,"4":0,"5":0,"6":0,"7":0,"8":0,"9":0,"10":0,"11":0,"12":0,"13":0},"b":{"0":[0],"1":[0],"2":[0],"3":[0],"4":[0],"5":[0],"6":[0],"7":[0],"8":[0],"9":[0],"10":[0],"11":[0],"12":[0],"13":[0,0],"14":[0],"15":[0],"16":[0],"17":[0]}}
,"/Users/jakob/Documents/GitHub/supply-manager-backend/src/errors/runtimeError.ts": {"path":"/Users/jakob/Documents/GitHub/supply-manager-backend/src/errors/runtimeError.ts","statementMap":{"0":{"start":{"line":10,"column":4},"end":{"line":10,"column":19}},"1":{"start":{"line":11,"column":4},"end":{"line":11,"column":31}},"2":{"start":{"line":12,"column":4},"end":{"line":12,"column":41}},"3":{"start":{"line":16,"column":4},"end":{"line":16,"column":73}},"4":{"start":{"line":3,"column":0},"end":{"line":3,"column":21}}},"fnMap":{"0":{"name":"(anonymous_0)","decl":{"start":{"line":6,"column":2},"end":{"line":6,"column":null}},"loc":{"start":{"line":8,"column":32},"end":{"line":13,"column":3}}},"1":{"name":"(anonymous_1)","decl":{"start":{"line":15,"column":2},"end":{"line":15,"column":14}},"loc":{"start":{"line":15,"column":28},"end":{"line":17,"column":3}}}},"branchMap":{"0":{"loc":{"start":{"line":7,"column":4},"end":{"line":7,"column":52}},"type":"default-arg","locations":[{"start":{"line":7,"column":22},"end":{"line":7,"column":52}}]},"1":{"loc":{"start":{"line":8,"column":4},"end":{"line":8,"column":32}},"type":"default-arg","locations":[{"start":{"line":8,"column":29},"end":{"line":8,"column":32}}]}},"s":{"0":1,"1":1,"2":1,"3":0,"4":2},"f":{"0":1,"1":0},"b":{"0":[0],"1":[0]}}
,"/Users/jakob/Documents/GitHub/supply-manager-backend/src/errors/db/notFoundError.ts": {"path":"/Users/jakob/Documents/GitHub/supply-manager-backend/src/errors/db/notFoundError.ts","statementMap":{"0":{"start":{"line":1,"column":0},"end":{"line":1,"column":43}},"1":{"start":{"line":5,"column":4},"end":{"line":5,"column":24}},"2":{"start":{"line":6,"column":4},"end":{"line":6,"column":32}},"3":{"start":{"line":3,"column":0},"end":{"line":3,"column":21}}},"fnMap":{"0":{"name":"(anonymous_1)","decl":{"start":{"line":4,"column":2},"end":{"line":4,"column":14}},"loc":{"start":{"line":4,"column":62},"end":{"line":7,"column":3}}}},"branchMap":{"0":{"loc":{"start":{"line":4,"column":14},"end":{"line":4,"column":62}},"type":"default-arg","locations":[{"start":{"line":4,"column":32},"end":{"line":4,"column":62}}]}},"s":{"0":1,"1":0,"2":0,"3":1},"f":{"0":0},"b":{"0":[0]}}
,"/Users/jakob/Documents/GitHub/supply-manager-backend/src/errors/db/resourceAlreadyExistsError.ts": {"path":"/Users/jakob/Documents/GitHub/supply-manager-backend/src/errors/db/resourceAlreadyExistsError.ts","statementMap":{"0":{"start":{"line":1,"column":0},"end":{"line":1,"column":43}},"1":{"start":{"line":5,"column":4},"end":{"line":5,"column":24}},"2":{"start":{"line":6,"column":4},"end":{"line":6,"column":45}},"3":{"start":{"line":3,"column":0},"end":{"line":3,"column":21}}},"fnMap":{"0":{"name":"(anonymous_1)","decl":{"start":{"line":4,"column":2},"end":{"line":4,"column":14}},"loc":{"start":{"line":4,"column":66},"end":{"line":7,"column":3}}}},"branchMap":{"0":{"loc":{"start":{"line":4,"column":14},"end":{"line":4,"column":66}},"type":"default-arg","locations":[{"start":{"line":4,"column":32},"end":{"line":4,"column":66}}]}},"s":{"0":1,"1":0,"2":0,"3":1},"f":{"0":0},"b":{"0":[0]}}
,"/Users/jakob/Documents/GitHub/supply-manager-backend/src/errors/validation/validationError.ts": {"path":"/Users/jakob/Documents/GitHub/supply-manager-backend/src/errors/validation/validationError.ts","statementMap":{"0":{"start":{"line":1,"column":0},"end":{"line":1,"column":43}},"1":{"start":{"line":5,"column":4},"end":{"line":5,"column":24}},"2":{"start":{"line":6,"column":4},"end":{"line":6,"column":34}},"3":{"start":{"line":3,"column":0},"end":{"line":3,"column":21}}},"fnMap":{"0":{"name":"(anonymous_1)","decl":{"start":{"line":4,"column":2},"end":{"line":4,"column":14}},"loc":{"start":{"line":4,"column":59},"end":{"line":7,"column":3}}}},"branchMap":{"0":{"loc":{"start":{"line":4,"column":14},"end":{"line":4,"column":59}},"type":"default-arg","locations":[{"start":{"line":4,"column":32},"end":{"line":4,"column":59}}]}},"s":{"0":1,"1":1,"2":1,"3":1},"f":{"0":1},"b":{"0":[0]}}
,"/Users/jakob/Documents/GitHub/supply-manager-backend/src/requestValidation/requestValidation.ts": {"path":"/Users/jakob/Documents/GitHub/supply-manager-backend/src/requestValidation/requestValidation.ts","statementMap":{"0":{"start":{"line":6,"column":0},"end":{"line":6,"column":16}},"1":{"start":{"line":26,"column":0},"end":{"line":26,"column":16}},"2":{"start":{"line":46,"column":0},"end":{"line":46,"column":16}},"3":{"start":{"line":66,"column":0},"end":{"line":66,"column":16}},"4":{"start":{"line":78,"column":0},"end":{"line":78,"column":24}},"5":{"start":{"line":2,"column":0},"end":{"line":2,"column":67}},"6":{"start":{"line":12,"column":2},"end":{"line":14,"column":3}},"7":{"start":{"line":13,"column":4},"end":{"line":13,"column":14}},"8":{"start":{"line":16,"column":34},"end":{"line":16,"column":36}},"9":{"start":{"line":17,"column":2},"end":{"line":22,"column":3}},"10":{"start":{"line":18,"column":22},"end":{"line":18,"column":53}},"11":{"start":{"line":19,"column":4},"end":{"line":21,"column":5}},"12":{"start":{"line":20,"column":6},"end":{"line":20,"column":76}},"13":{"start":{"line":23,"column":2},"end":{"line":23,"column":23}},"14":{"start":{"line":32,"column":2},"end":{"line":34,"column":3}},"15":{"start":{"line":33,"column":4},"end":{"line":33,"column":14}},"16":{"start":{"line":36,"column":34},"end":{"line":36,"column":36}},"17":{"start":{"line":37,"column":2},"end":{"line":42,"column":3}},"18":{"start":{"line":38,"column":22},"end":{"line":38,"column":52}},"19":{"start":{"line":39,"column":4},"end":{"line":41,"column":5}},"20":{"start":{"line":40,"column":6},"end":{"line":40,"column":76}},"21":{"start":{"line":43,"column":2},"end":{"line":43,"column":23}},"22":{"start":{"line":52,"column":2},"end":{"line":54,"column":3}},"23":{"start":{"line":53,"column":4},"end":{"line":53,"column":14}},"24":{"start":{"line":56,"column":34},"end":{"line":56,"column":36}},"25":{"start":{"line":57,"column":2},"end":{"line":62,"column":3}},"26":{"start":{"line":58,"column":22},"end":{"line":58,"column":54}},"27":{"start":{"line":59,"column":4},"end":{"line":61,"column":5}},"28":{"start":{"line":60,"column":6},"end":{"line":60,"column":77}},"29":{"start":{"line":63,"column":2},"end":{"line":63,"column":23}},"30":{"start":{"line":67,"column":2},"end":{"line":69,"column":3}},"31":{"start":{"line":68,"column":4},"end":{"line":68,"column":14}},"32":{"start":{"line":71,"column":20},"end":{"line":71,"column":50}},"33":{"start":{"line":72,"column":2},"end":{"line":74,"column":3}},"34":{"start":{"line":73,"column":4},"end":{"line":73,"column":68}},"35":{"start":{"line":75,"column":2},"end":{"line":75,"column":12}},"36":{"start":{"line":87,"column":24},"end":{"line":92,"column":4}},"37":{"start":{"line":94,"column":2},"end":{"line":98,"column":3}},"38":{"start":{"line":95,"column":4},"end":{"line":97,"column":6}},"39":{"start":{"line":99,"column":2},"end":{"line":99,"column":19}}},"fnMap":{"0":{"name":"validateParams","decl":{"start":{"line":6,"column":16},"end":{"line":6,"column":30}},"loc":{"start":{"line":10,"column":48},"end":{"line":24,"column":1}}},"1":{"name":"validateQuerys","decl":{"start":{"line":26,"column":16},"end":{"line":26,"column":30}},"loc":{"start":{"line":30,"column":47},"end":{"line":44,"column":1}}},"2":{"name":"validateHeaders","decl":{"start":{"line":46,"column":16},"end":{"line":46,"column":31}},"loc":{"start":{"line":50,"column":49},"end":{"line":64,"column":1}}},"3":{"name":"validateBody","decl":{"start":{"line":66,"column":16},"end":{"line":66,"column":28}},"loc":{"start":{"line":66,"column":77},"end":{"line":76,"column":1}}},"4":{"name":"validateRequest","decl":{"start":{"line":78,"column":24},"end":{"line":78,"column":39}},"loc":{"start":{"line":85,"column":3},"end":{"line":100,"column":1}}}},"branchMap":{"0":{"loc":{"start":{"line":12,"column":2},"end":{"line":14,"column":3}},"type":"if","locations":[{"start":{"line":12,"column":2},"end":{"line":14,"column":3}}]},"1":{"loc":{"start":{"line":19,"column":4},"end":{"line":21,"column":5}},"type":"if","locations":[{"start":{"line":19,"column":4},"end":{"line":21,"column":5}}]},"2":{"loc":{"start":{"line":32,"column":2},"end":{"line":34,"column":3}},"type":"if","locations":[{"start":{"line":32,"column":2},"end":{"line":34,"column":3}}]},"3":{"loc":{"start":{"line":39,"column":4},"end":{"line":41,"column":5}},"type":"if","locations":[{"start":{"line":39,"column":4},"end":{"line":41,"column":5}}]},"4":{"loc":{"start":{"line":52,"column":2},"end":{"line":54,"column":3}},"type":"if","locations":[{"start":{"line":52,"column":2},"end":{"line":54,"column":3}}]},"5":{"loc":{"start":{"line":59,"column":4},"end":{"line":61,"column":5}},"type":"if","locations":[{"start":{"line":59,"column":4},"end":{"line":61,"column":5}}]},"6":{"loc":{"start":{"line":67,"column":2},"end":{"line":69,"column":3}},"type":"if","locations":[{"start":{"line":67,"column":2},"end":{"line":69,"column":3}}]},"7":{"loc":{"start":{"line":72,"column":2},"end":{"line":74,"column":3}},"type":"if","locations":[{"start":{"line":72,"column":2},"end":{"line":74,"column":3}}]},"8":{"loc":{"start":{"line":94,"column":2},"end":{"line":98,"column":3}},"type":"if","locations":[{"start":{"line":94,"column":2},"end":{"line":98,"column":3}}]}},"s":{"0":1,"1":1,"2":1,"3":1,"4":1,"5":1,"6":6,"7":1,"8":5,"9":5,"10":5,"11":5,"12":3,"13":5,"14":6,"15":1,"16":5,"17":5,"18":5,"19":5,"20":3,"21":5,"22":6,"23":1,"24":5,"25":5,"26":5,"27":5,"28":3,"29":5,"30":6,"31":1,"32":5,"33":5,"34":3,"35":2,"36":2,"37":2,"38":1,"39":1},"f":{"0":6,"1":6,"2":6,"3":6,"4":2},"b":{"0":[1],"1":[3],"2":[1],"3":[3],"4":[1],"5":[3],"6":[1],"7":[3],"8":[1]}}
}
