TN:
SF:src/database/database.ts
FN:6,(anonymous_13)
FN:6,(anonymous_14)
FN:10,(anonymous_15)
FNF:3
FNH:0
FNDA:0,(anonymous_13)
FNDA:0,(anonymous_14)
FNDA:0,(anonymous_15)
DA:3,1
DA:4,1
DA:6,0
DA:7,0
DA:8,0
DA:10,0
DA:11,0
DA:12,0
DA:15,0
DA:19,0
LF:10
LH:2
BRDA:6,0,0,0
BRDA:7,1,0,0
BRDA:8,2,0,0
BRDA:8,2,1,0
BRF:4
BRH:0
end_of_record
TN:
SF:src/database/mongoDatabase.models.ts
FNF:0
FNH:0
DA:1,1
DA:4,1
DA:8,1
DA:18,1
DA:20,1
DA:27,1
LF:6
LH:6
BRF:0
BRH:0
end_of_record
TN:
SF:src/database/mongoDatabase.ts
FN:9,(anonymous_8)
FN:24,(anonymous_10)
FN:30,(anonymous_12)
FN:35,(anonymous_14)
FN:42,(anonymous_16)
FN:53,(anonymous_17)
FN:61,(anonymous_19)
FN:67,(anonymous_21)
FN:70,(anonymous_23)
FN:75,(anonymous_25)
FN:85,(anonymous_27)
FN:101,(anonymous_29)
FN:131,(anonymous_31)
FN:139,(anonymous_33)
FNF:14
FNH:1
FNDA:0,(anonymous_8)
FNDA:1,(anonymous_10)
FNDA:0,(anonymous_12)
FNDA:0,(anonymous_14)
FNDA:0,(anonymous_16)
FNDA:0,(anonymous_17)
FNDA:0,(anonymous_19)
FNDA:0,(anonymous_21)
FNDA:0,(anonymous_23)
FNDA:0,(anonymous_25)
FNDA:0,(anonymous_27)
FNDA:0,(anonymous_29)
FNDA:0,(anonymous_31)
FNDA:0,(anonymous_33)
DA:1,1
DA:3,1
DA:4,1
DA:5,1
DA:6,1
DA:8,1
DA:10,0
DA:11,0
DA:12,0
DA:15,0
DA:16,0
DA:18,0
DA:20,0
DA:25,1
DA:26,1
DA:27,1
DA:31,0
DA:32,0
DA:39,0
DA:40,0
DA:42,0
DA:43,0
DA:44,0
DA:45,0
DA:49,0
DA:54,0
DA:55,0
DA:56,0
DA:62,0
DA:63,0
DA:64,0
DA:68,0
DA:71,0
DA:72,0
DA:73,0
DA:79,0
DA:80,0
DA:81,0
DA:86,0
DA:92,0
DA:96,0
DA:97,0
DA:105,0
DA:106,0
DA:108,0
DA:109,0
DA:117,0
DA:120,0
DA:122,0
DA:123,0
DA:124,0
DA:125,0
DA:127,0
DA:132,0
DA:135,0
DA:136,0
DA:143,0
DA:147,0
DA:148,0
LF:59
LH:9
BRDA:10,0,0,0
BRDA:16,1,0,0
BRDA:26,2,0,0
BRDA:40,3,0,0
BRDA:44,4,0,0
BRDA:55,5,0,0
BRDA:63,6,0,0
BRDA:72,7,0,0
BRDA:80,8,0,0
BRDA:86,9,0,0
BRDA:106,10,0,0
BRDA:108,11,0,0
BRDA:109,12,0,0
BRDA:111,13,0,0
BRDA:111,13,1,0
BRDA:122,14,0,0
BRDA:124,15,0,0
BRDA:135,16,0,0
BRDA:147,17,0,0
BRF:19
BRH:0
end_of_record
TN:
SF:src/errors/runtimeError.ts
FN:6,(anonymous_0)
FN:15,(anonymous_1)
FNF:2
FNH:1
FNDA:1,(anonymous_0)
FNDA:0,(anonymous_1)
DA:3,2
DA:10,1
DA:11,1
DA:12,1
DA:16,0
LF:5
LH:4
BRDA:7,0,0,0
BRDA:8,1,0,0
BRF:2
BRH:0
end_of_record
TN:
SF:src/errors/db/notFoundError.ts
FN:4,(anonymous_1)
FNF:1
FNH:0
FNDA:0,(anonymous_1)
DA:1,1
DA:3,1
DA:5,0
DA:6,0
LF:4
LH:2
BRDA:4,0,0,0
BRF:1
BRH:0
end_of_record
TN:
SF:src/errors/db/resourceAlreadyExistsError.ts
FN:4,(anonymous_1)
FNF:1
FNH:0
FNDA:0,(anonymous_1)
DA:1,1
DA:3,1
DA:5,0
DA:6,0
LF:4
LH:2
BRDA:4,0,0,0
BRF:1
BRH:0
end_of_record
TN:
SF:src/errors/validation/validationError.ts
FN:4,(anonymous_1)
FNF:1
FNH:1
FNDA:1,(anonymous_1)
DA:1,1
DA:3,1
DA:5,1
DA:6,1
LF:4
LH:4
BRDA:4,0,0,0
BRF:1
BRH:0
end_of_record
TN:
SF:src/requestValidation/requestValidation.ts
FN:6,validateParams
FN:26,validateQuerys
FN:46,validateHeaders
FN:66,validateBody
FN:78,validateRequest
FNF:5
FNH:5
FNDA:6,validateParams
FNDA:6,validateQuerys
FNDA:6,validateHeaders
FNDA:6,validateBody
FNDA:2,validateRequest
DA:2,1
DA:6,1
DA:12,6
DA:13,1
DA:16,5
DA:17,5
DA:18,5
DA:19,5
DA:20,3
DA:23,5
DA:26,1
DA:32,6
DA:33,1
DA:36,5
DA:37,5
DA:38,5
DA:39,5
DA:40,3
DA:43,5
DA:46,1
DA:52,6
DA:53,1
DA:56,5
DA:57,5
DA:58,5
DA:59,5
DA:60,3
DA:63,5
DA:66,1
DA:67,6
DA:68,1
DA:71,5
DA:72,5
DA:73,3
DA:75,2
DA:78,1
DA:87,2
DA:94,2
DA:95,1
DA:99,1
LF:40
LH:40
BRDA:12,0,0,1
BRDA:19,1,0,3
BRDA:32,2,0,1
BRDA:39,3,0,3
BRDA:52,4,0,1
BRDA:59,5,0,3
BRDA:67,6,0,1
BRDA:72,7,0,3
BRDA:94,8,0,1
BRF:9
BRH:9
end_of_record
